<?xml version="1.0" encoding="UTF-8"?>
<coverage generated="1545050157543" clover="3.2.0">
  <project timestamp="1545050157543" name="All files">
    <metrics statements="66" coveredstatements="65" conditionals="20" coveredconditionals="19" methods="18" coveredmethods="18" elements="104" coveredelements="102" complexity="0" loc="66" ncloc="66" packages="4" files="5" classes="5">
      <package name="controllers">
        <metrics statements="7" coveredstatements="7" conditionals="0" coveredconditionals="0" methods="5" coveredmethods="5"/>
        <file name="movies.js" path="C:\Users\user\Desktop\NodeJS\lab8\controllers\movies.js">
          <metrics statements="7" coveredstatements="7" conditionals="0" coveredconditionals="0" methods="5" coveredmethods="5"/>
          <line num="1" count="2" type="stmt"/>
          <line num="3" count="2" type="stmt"/>
          <line num="5" count="1" type="stmt"/>
          <line num="9" count="8" type="stmt"/>
          <line num="13" count="2" type="stmt"/>
          <line num="17" count="2" type="stmt"/>
          <line num="21" count="2" type="stmt"/>
        </file>
      </package>
      <package name="routes">
        <metrics statements="9" coveredstatements="9" conditionals="0" coveredconditionals="0" methods="0" coveredmethods="0"/>
        <file name="movies.js" path="C:\Users\user\Desktop\NodeJS\lab8\routes\movies.js">
          <metrics statements="9" coveredstatements="9" conditionals="0" coveredconditionals="0" methods="0" coveredmethods="0"/>
          <line num="1" count="1" type="stmt"/>
          <line num="2" count="1" type="stmt"/>
          <line num="3" count="1" type="stmt"/>
          <line num="5" count="1" type="stmt"/>
          <line num="8" count="1" type="stmt"/>
          <line num="11" count="1" type="stmt"/>
          <line num="14" count="1" type="stmt"/>
          <line num="17" count="1" type="stmt"/>
          <line num="20" count="1" type="stmt"/>
        </file>
      </package>
      <package name="schemas">
        <metrics statements="12" coveredstatements="11" conditionals="4" coveredconditionals="3" methods="4" coveredmethods="4"/>
        <file name="routeSchemas.js" path="C:\Users\user\Desktop\NodeJS\lab8\schemas\routeSchemas.js">
          <metrics statements="12" coveredstatements="11" conditionals="4" coveredconditionals="3" methods="4" coveredmethods="4"/>
          <line num="1" count="1" type="stmt"/>
          <line num="3" count="1" type="stmt"/>
          <line num="5" count="2" type="stmt"/>
          <line num="6" count="8" type="stmt"/>
          <line num="7" count="8" type="cond" truecount="1" falsecount="1"/>
          <line num="8" count="0" type="stmt"/>
          <line num="10" count="8" type="stmt"/>
          <line num="15" count="2" type="stmt"/>
          <line num="16" count="3" type="stmt"/>
          <line num="17" count="3" type="cond" truecount="2" falsecount="0"/>
          <line num="18" count="1" type="stmt"/>
          <line num="20" count="2" type="stmt"/>
        </file>
      </package>
      <package name="services">
        <metrics statements="38" coveredstatements="38" conditionals="16" coveredconditionals="16" methods="9" coveredmethods="9"/>
        <file name="constants.js" path="C:\Users\user\Desktop\NodeJS\lab8\services\constants.js">
          <metrics statements="1" coveredstatements="1" conditionals="0" coveredconditionals="0" methods="0" coveredmethods="0"/>
          <line num="1" count="3" type="stmt"/>
        </file>
        <file name="scanDB.js" path="C:\Users\user\Desktop\NodeJS\lab8\services\scanDB.js">
          <metrics statements="37" coveredstatements="37" conditionals="16" coveredconditionals="16" methods="9" coveredmethods="9"/>
          <line num="1" count="3" type="stmt"/>
          <line num="2" count="3" type="stmt"/>
          <line num="4" count="3" type="stmt"/>
          <line num="6" count="3" type="stmt"/>
          <line num="9" count="3" type="stmt"/>
          <line num="14" count="3" type="stmt"/>
          <line num="15" count="245" type="stmt"/>
          <line num="18" count="3" type="stmt"/>
          <line num="19" count="5" type="stmt"/>
          <line num="21" count="5" type="stmt"/>
          <line num="22" count="245" type="stmt"/>
          <line num="23" count="245" type="stmt"/>
          <line num="24" count="245" type="cond" truecount="2" falsecount="0"/>
          <line num="25" count="3" type="stmt"/>
          <line num="26" count="245" type="stmt"/>
          <line num="29" count="5" type="stmt"/>
          <line num="32" count="3" type="stmt"/>
          <line num="33" count="5" type="stmt"/>
          <line num="34" count="2" type="stmt"/>
          <line num="38" count="3" type="stmt"/>
          <line num="39" count="11" type="stmt"/>
          <line num="40" count="11" type="stmt"/>
          <line num="42" count="11" type="cond" truecount="4" falsecount="0"/>
          <line num="43" count="6" type="stmt"/>
          <line num="44" count="5806" type="stmt"/>
          <line num="46" count="5" type="cond" truecount="4" falsecount="0"/>
          <line num="47" count="4" type="stmt"/>
          <line num="48" count="5735" type="cond" truecount="2" falsecount="0"/>
          <line num="49" count="4838" type="cond" truecount="2" falsecount="0"/>
          <line num="50" count="244" type="stmt"/>
          <line num="54" count="11" type="cond" truecount="2" falsecount="0"/>
          <line num="56" count="11" type="stmt"/>
          <line num="59" count="3" type="stmt"/>
          <line num="60" count="5" type="stmt"/>
          <line num="61" count="5" type="stmt"/>
          <line num="63" count="5" type="stmt"/>
          <line num="66" count="3" type="stmt"/>
        </file>
      </package>
    </metrics>
  </project>
</coverage>
