{"C:\\Users\\user\\Desktop\\NodeJS\\lab8\\controllers\\movies.js": {"path":"C:\\Users\\user\\Desktop\\NodeJS\\lab8\\controllers\\movies.js","statementMap":{"0":{"start":{"line":1,"column":11},"end":{"line":1,"column":40}},"1":{"start":{"line":3,"column":0},"end":{"line":23,"column":2}},"2":{"start":{"line":5,"column":8},"end":{"line":5,"column":24}},"3":{"start":{"line":9,"column":8},"end":{"line":9,"column":39}},"4":{"start":{"line":13,"column":8},"end":{"line":13,"column":49}},"5":{"start":{"line":17,"column":8},"end":{"line":17,"column":45}},"6":{"start":{"line":21,"column":8},"end":{"line":21,"column":43}}},"fnMap":{"0":{"name":"(anonymous_0)","decl":{"start":{"line":4,"column":12},"end":{"line":4,"column":13}},"loc":{"start":{"line":4,"column":26},"end":{"line":6,"column":5}},"line":4},"1":{"name":"(anonymous_1)","decl":{"start":{"line":8,"column":10},"end":{"line":8,"column":11}},"loc":{"start":{"line":8,"column":24},"end":{"line":10,"column":5}},"line":8},"2":{"name":"(anonymous_2)","decl":{"start":{"line":12,"column":16},"end":{"line":12,"column":17}},"loc":{"start":{"line":12,"column":30},"end":{"line":14,"column":5}},"line":12},"3":{"name":"(anonymous_3)","decl":{"start":{"line":16,"column":14},"end":{"line":16,"column":15}},"loc":{"start":{"line":16,"column":28},"end":{"line":18,"column":5}},"line":16},"4":{"name":"(anonymous_4)","decl":{"start":{"line":20,"column":16},"end":{"line":20,"column":17}},"loc":{"start":{"line":20,"column":30},"end":{"line":22,"column":5}},"line":20}},"branchMap":{},"s":{"0":2,"1":2,"2":1,"3":8,"4":2,"5":2,"6":2},"f":{"0":1,"1":8,"2":2,"3":2,"4":2},"b":{},"_coverageSchema":"332fd63041d2c1bcb487cc26dd0d5f7d97098a6c","hash":"d5d2051ed1f2252c952dbed379d8a7f7d14a06d2"}
,"C:\\Users\\user\\Desktop\\NodeJS\\lab8\\routes\\movies.js": {"path":"C:\\Users\\user\\Desktop\\NodeJS\\lab8\\routes\\movies.js","statementMap":{"0":{"start":{"line":1,"column":15},"end":{"line":1,"column":50}},"1":{"start":{"line":2,"column":51},"end":{"line":2,"column":85}},"2":{"start":{"line":3,"column":25},"end":{"line":3,"column":57}},"3":{"start":{"line":5,"column":0},"end":{"line":6,"column":34}},"4":{"start":{"line":8,"column":0},"end":{"line":9,"column":67}},"5":{"start":{"line":11,"column":0},"end":{"line":12,"column":74}},"6":{"start":{"line":14,"column":0},"end":{"line":15,"column":70}},"7":{"start":{"line":17,"column":0},"end":{"line":18,"column":72}},"8":{"start":{"line":20,"column":0},"end":{"line":20,"column":24}}},"fnMap":{},"branchMap":{},"s":{"0":1,"1":1,"2":1,"3":1,"4":1,"5":1,"6":1,"7":1,"8":1},"f":{},"b":{},"_coverageSchema":"332fd63041d2c1bcb487cc26dd0d5f7d97098a6c","hash":"76dc8a89d60c55306c2ee28f1702e5a18406bfdf"}
,"C:\\Users\\user\\Desktop\\NodeJS\\lab8\\schemas\\routeSchemas.js": {"path":"C:\\Users\\user\\Desktop\\NodeJS\\lab8\\schemas\\routeSchemas.js","statementMap":{"0":{"start":{"line":1,"column":12},"end":{"line":1,"column":26}},"1":{"start":{"line":3,"column":0},"end":{"line":43,"column":2}},"2":{"start":{"line":5,"column":8},"end":{"line":11,"column":10}},"3":{"start":{"line":6,"column":27},"end":{"line":6,"column":58}},"4":{"start":{"line":7,"column":12},"end":{"line":10,"column":24}},"5":{"start":{"line":8,"column":16},"end":{"line":8,"column":51}},"6":{"start":{"line":10,"column":17},"end":{"line":10,"column":24}},"7":{"start":{"line":15,"column":8},"end":{"line":21,"column":10}},"8":{"start":{"line":16,"column":27},"end":{"line":16,"column":59}},"9":{"start":{"line":17,"column":12},"end":{"line":20,"column":24}},"10":{"start":{"line":18,"column":16},"end":{"line":18,"column":51}},"11":{"start":{"line":20,"column":17},"end":{"line":20,"column":24}}},"fnMap":{"0":{"name":"(anonymous_0)","decl":{"start":{"line":4,"column":19},"end":{"line":4,"column":20}},"loc":{"start":{"line":4,"column":29},"end":{"line":12,"column":5}},"line":4},"1":{"name":"(anonymous_1)","decl":{"start":{"line":5,"column":15},"end":{"line":5,"column":16}},"loc":{"start":{"line":5,"column":35},"end":{"line":11,"column":9}},"line":5},"2":{"name":"(anonymous_2)","decl":{"start":{"line":14,"column":20},"end":{"line":14,"column":21}},"loc":{"start":{"line":14,"column":30},"end":{"line":22,"column":5}},"line":14},"3":{"name":"(anonymous_3)","decl":{"start":{"line":15,"column":15},"end":{"line":15,"column":16}},"loc":{"start":{"line":15,"column":35},"end":{"line":21,"column":9}},"line":15}},"branchMap":{"0":{"loc":{"start":{"line":7,"column":12},"end":{"line":10,"column":24}},"type":"if","locations":[{"start":{"line":7,"column":12},"end":{"line":10,"column":24}},{"start":{"line":7,"column":12},"end":{"line":10,"column":24}}],"line":7},"1":{"loc":{"start":{"line":17,"column":12},"end":{"line":20,"column":24}},"type":"if","locations":[{"start":{"line":17,"column":12},"end":{"line":20,"column":24}},{"start":{"line":17,"column":12},"end":{"line":20,"column":24}}],"line":17}},"s":{"0":1,"1":1,"2":2,"3":8,"4":8,"5":0,"6":8,"7":2,"8":3,"9":3,"10":1,"11":2},"f":{"0":2,"1":8,"2":2,"3":3},"b":{"0":[0,8],"1":[1,2]},"_coverageSchema":"332fd63041d2c1bcb487cc26dd0d5f7d97098a6c","hash":"85df4387375ad95c9a5d1410a0bf7ce78a496174"}
,"C:\\Users\\user\\Desktop\\NodeJS\\lab8\\services\\constants.js": {"path":"C:\\Users\\user\\Desktop\\NodeJS\\lab8\\services\\constants.js","statementMap":{"0":{"start":{"line":1,"column":0},"end":{"line":8,"column":2}}},"fnMap":{},"branchMap":{},"s":{"0":3},"f":{},"b":{},"_coverageSchema":"332fd63041d2c1bcb487cc26dd0d5f7d97098a6c","hash":"a44bc4a85c0c1470a9fa79ee915d6c8f2fc98560"}
,"C:\\Users\\user\\Desktop\\NodeJS\\lab8\\services\\scanDB.js": {"path":"C:\\Users\\user\\Desktop\\NodeJS\\lab8\\services\\scanDB.js","statementMap":{"0":{"start":{"line":1,"column":11},"end":{"line":1,"column":24}},"1":{"start":{"line":2,"column":17},"end":{"line":2,"column":36}},"2":{"start":{"line":4,"column":18},"end":{"line":4,"column":40}},"3":{"start":{"line":6,"column":11},"end":{"line":6,"column":13}},"4":{"start":{"line":9,"column":15},"end":{"line":12,"column":2}},"5":{"start":{"line":14,"column":0},"end":{"line":16,"column":3}},"6":{"start":{"line":15,"column":4},"end":{"line":15,"column":30}},"7":{"start":{"line":18,"column":19},"end":{"line":30,"column":1}},"8":{"start":{"line":19,"column":18},"end":{"line":19,"column":20}},"9":{"start":{"line":21,"column":4},"end":{"line":27,"column":7}},"10":{"start":{"line":22,"column":23},"end":{"line":22,"column":58}},"11":{"start":{"line":23,"column":24},"end":{"line":23,"column":75}},"12":{"start":{"line":24,"column":8},"end":{"line":25,"column":29}},"13":{"start":{"line":25,"column":12},"end":{"line":25,"column":29}},"14":{"start":{"line":26,"column":8},"end":{"line":26,"column":21}},"15":{"start":{"line":29,"column":4},"end":{"line":29,"column":17}},"16":{"start":{"line":32,"column":17},"end":{"line":36,"column":1}},"17":{"start":{"line":33,"column":4},"end":{"line":35,"column":7}},"18":{"start":{"line":34,"column":8},"end":{"line":34,"column":51}},"19":{"start":{"line":38,"column":15},"end":{"line":57,"column":1}},"20":{"start":{"line":39,"column":16},"end":{"line":39,"column":25}},"21":{"start":{"line":40,"column":18},"end":{"line":40,"column":29}},"22":{"start":{"line":42,"column":4},"end":{"line":52,"column":5}},"23":{"start":{"line":43,"column":8},"end":{"line":45,"column":11}},"24":{"start":{"line":44,"column":12},"end":{"line":44,"column":35}},"25":{"start":{"line":46,"column":11},"end":{"line":52,"column":5}},"26":{"start":{"line":47,"column":8},"end":{"line":51,"column":11}},"27":{"start":{"line":48,"column":12},"end":{"line":50,"column":26}},"28":{"start":{"line":48,"column":35},"end":{"line":48,"column":45}},"29":{"start":{"line":49,"column":17},"end":{"line":50,"column":26}},"30":{"start":{"line":49,"column":41},"end":{"line":49,"column":50}},"31":{"start":{"line":50,"column":17},"end":{"line":50,"column":26}},"32":{"start":{"line":54,"column":4},"end":{"line":54,"column":45}},"33":{"start":{"line":54,"column":32},"end":{"line":54,"column":45}},"34":{"start":{"line":56,"column":4},"end":{"line":56,"column":14}},"35":{"start":{"line":59,"column":19},"end":{"line":64,"column":1}},"36":{"start":{"line":60,"column":19},"end":{"line":60,"column":41}},"37":{"start":{"line":61,"column":18},"end":{"line":61,"column":39}},"38":{"start":{"line":63,"column":4},"end":{"line":63,"column":44}},"39":{"start":{"line":66,"column":0},"end":{"line":72,"column":2}}},"fnMap":{"0":{"name":"(anonymous_0)","decl":{"start":{"line":14,"column":18},"end":{"line":14,"column":19}},"loc":{"start":{"line":14,"column":33},"end":{"line":16,"column":1}},"line":14},"1":{"name":"(anonymous_1)","decl":{"start":{"line":18,"column":19},"end":{"line":18,"column":20}},"loc":{"start":{"line":18,"column":27},"end":{"line":30,"column":1}},"line":18},"2":{"name":"(anonymous_2)","decl":{"start":{"line":21,"column":12},"end":{"line":21,"column":13}},"loc":{"start":{"line":21,"column":22},"end":{"line":27,"column":5}},"line":21},"3":{"name":"(anonymous_3)","decl":{"start":{"line":32,"column":17},"end":{"line":32,"column":18}},"loc":{"start":{"line":32,"column":23},"end":{"line":36,"column":1}},"line":32},"4":{"name":"(anonymous_4)","decl":{"start":{"line":33,"column":19},"end":{"line":33,"column":20}},"loc":{"start":{"line":33,"column":27},"end":{"line":35,"column":5}},"line":33},"5":{"name":"(anonymous_5)","decl":{"start":{"line":38,"column":15},"end":{"line":38,"column":16}},"loc":{"start":{"line":38,"column":24},"end":{"line":57,"column":1}},"line":38},"6":{"name":"(anonymous_6)","decl":{"start":{"line":43,"column":16},"end":{"line":43,"column":17}},"loc":{"start":{"line":43,"column":26},"end":{"line":45,"column":9}},"line":43},"7":{"name":"(anonymous_7)","decl":{"start":{"line":47,"column":16},"end":{"line":47,"column":17}},"loc":{"start":{"line":47,"column":26},"end":{"line":51,"column":9}},"line":47},"8":{"name":"(anonymous_8)","decl":{"start":{"line":59,"column":19},"end":{"line":59,"column":20}},"loc":{"start":{"line":59,"column":28},"end":{"line":64,"column":1}},"line":59}},"branchMap":{"0":{"loc":{"start":{"line":24,"column":8},"end":{"line":25,"column":29}},"type":"if","locations":[{"start":{"line":24,"column":8},"end":{"line":25,"column":29}},{"start":{"line":24,"column":8},"end":{"line":25,"column":29}}],"line":24},"1":{"loc":{"start":{"line":42,"column":4},"end":{"line":52,"column":5}},"type":"if","locations":[{"start":{"line":42,"column":4},"end":{"line":52,"column":5}},{"start":{"line":42,"column":4},"end":{"line":52,"column":5}}],"line":42},"2":{"loc":{"start":{"line":42,"column":7},"end":{"line":42,"column":59}},"type":"binary-expr","locations":[{"start":{"line":42,"column":7},"end":{"line":42,"column":27}},{"start":{"line":42,"column":31},"end":{"line":42,"column":59}}],"line":42},"3":{"loc":{"start":{"line":46,"column":11},"end":{"line":52,"column":5}},"type":"if","locations":[{"start":{"line":46,"column":11},"end":{"line":52,"column":5}},{"start":{"line":46,"column":11},"end":{"line":52,"column":5}}],"line":46},"4":{"loc":{"start":{"line":46,"column":15},"end":{"line":46,"column":64}},"type":"binary-expr","locations":[{"start":{"line":46,"column":15},"end":{"line":46,"column":37}},{"start":{"line":46,"column":41},"end":{"line":46,"column":64}}],"line":46},"5":{"loc":{"start":{"line":48,"column":12},"end":{"line":50,"column":26}},"type":"if","locations":[{"start":{"line":48,"column":12},"end":{"line":50,"column":26}},{"start":{"line":48,"column":12},"end":{"line":50,"column":26}}],"line":48},"6":{"loc":{"start":{"line":49,"column":17},"end":{"line":50,"column":26}},"type":"if","locations":[{"start":{"line":49,"column":17},"end":{"line":50,"column":26}},{"start":{"line":49,"column":17},"end":{"line":50,"column":26}}],"line":49},"7":{"loc":{"start":{"line":54,"column":4},"end":{"line":54,"column":45}},"type":"if","locations":[{"start":{"line":54,"column":4},"end":{"line":54,"column":45}},{"start":{"line":54,"column":4},"end":{"line":54,"column":45}}],"line":54}},"s":{"0":3,"1":3,"2":3,"3":3,"4":3,"5":3,"6":245,"7":3,"8":5,"9":5,"10":245,"11":245,"12":245,"13":3,"14":245,"15":5,"16":3,"17":5,"18":2,"19":3,"20":11,"21":11,"22":11,"23":6,"24":5806,"25":5,"26":4,"27":5735,"28":897,"29":4838,"30":4594,"31":244,"32":11,"33":3,"34":11,"35":3,"36":5,"37":5,"38":5,"39":3},"f":{"0":245,"1":5,"2":245,"3":5,"4":2,"5":11,"6":5806,"7":5735,"8":5},"b":{"0":[3,242],"1":[6,5],"2":[11,7],"3":[4,1],"4":[5,2],"5":[897,4838],"6":[4594,244],"7":[3,8]},"_coverageSchema":"332fd63041d2c1bcb487cc26dd0d5f7d97098a6c","hash":"2573af905d1a21c85033df4f6103b9109a5ffe3c"}
}
