TN:
SF:C:\Users\user\Desktop\NodeJS\lab8\controllers\movies.js
FN:4,(anonymous_0)
FN:8,(anonymous_1)
FN:12,(anonymous_2)
FN:16,(anonymous_3)
FN:20,(anonymous_4)
FNF:5
FNH:5
FNDA:1,(anonymous_0)
FNDA:8,(anonymous_1)
FNDA:2,(anonymous_2)
FNDA:2,(anonymous_3)
FNDA:2,(anonymous_4)
DA:1,2
DA:3,2
DA:5,1
DA:9,8
DA:13,2
DA:17,2
DA:21,2
LF:7
LH:7
BRF:0
BRH:0
end_of_record
TN:
SF:C:\Users\user\Desktop\NodeJS\lab8\routes\movies.js
FNF:0
FNH:0
DA:1,1
DA:2,1
DA:3,1
DA:5,1
DA:8,1
DA:11,1
DA:14,1
DA:17,1
DA:20,1
LF:9
LH:9
BRF:0
BRH:0
end_of_record
TN:
SF:C:\Users\user\Desktop\NodeJS\lab8\schemas\routeSchemas.js
FN:4,(anonymous_0)
FN:5,(anonymous_1)
FN:14,(anonymous_2)
FN:15,(anonymous_3)
FNF:4
FNH:4
FNDA:2,(anonymous_0)
FNDA:8,(anonymous_1)
FNDA:2,(anonymous_2)
FNDA:3,(anonymous_3)
DA:1,1
DA:3,1
DA:5,2
DA:6,8
DA:7,8
DA:8,0
DA:10,8
DA:15,2
DA:16,3
DA:17,3
DA:18,1
DA:20,2
LF:12
LH:11
BRDA:7,0,0,0
BRDA:7,0,1,8
BRDA:17,1,0,1
BRDA:17,1,1,2
BRF:4
BRH:3
end_of_record
TN:
SF:C:\Users\user\Desktop\NodeJS\lab8\services\constants.js
FNF:0
FNH:0
DA:1,3
LF:1
LH:1
BRF:0
BRH:0
end_of_record
TN:
SF:C:\Users\user\Desktop\NodeJS\lab8\services\scanDB.js
FN:14,(anonymous_0)
FN:18,(anonymous_1)
FN:21,(anonymous_2)
FN:32,(anonymous_3)
FN:33,(anonymous_4)
FN:38,(anonymous_5)
FN:43,(anonymous_6)
FN:47,(anonymous_7)
FN:59,(anonymous_8)
FNF:9
FNH:9
FNDA:245,(anonymous_0)
FNDA:5,(anonymous_1)
FNDA:245,(anonymous_2)
FNDA:5,(anonymous_3)
FNDA:2,(anonymous_4)
FNDA:11,(anonymous_5)
FNDA:5806,(anonymous_6)
FNDA:5735,(anonymous_7)
FNDA:5,(anonymous_8)
DA:1,3
DA:2,3
DA:4,3
DA:6,3
DA:9,3
DA:14,3
DA:15,245
DA:18,3
DA:19,5
DA:21,5
DA:22,245
DA:23,245
DA:24,245
DA:25,3
DA:26,245
DA:29,5
DA:32,3
DA:33,5
DA:34,2
DA:38,3
DA:39,11
DA:40,11
DA:42,11
DA:43,6
DA:44,5806
DA:46,5
DA:47,4
DA:48,5735
DA:49,4838
DA:50,244
DA:54,11
DA:56,11
DA:59,3
DA:60,5
DA:61,5
DA:63,5
DA:66,3
LF:37
LH:37
BRDA:24,0,0,3
BRDA:24,0,1,242
BRDA:42,1,0,6
BRDA:42,1,1,5
BRDA:42,2,0,11
BRDA:42,2,1,7
BRDA:46,3,0,4
BRDA:46,3,1,1
BRDA:46,4,0,5
BRDA:46,4,1,2
BRDA:48,5,0,897
BRDA:48,5,1,4838
BRDA:49,6,0,4594
BRDA:49,6,1,244
BRDA:54,7,0,3
BRDA:54,7,1,8
BRF:16
BRH:16
end_of_record
